DEBUG:root:./logs/log_20201119133904.log
DEBUG:root:config: ./configs/default.json
DEBUG:root:['numerical_features', 'object_features', 'new_numerical']
DEBUG:root:{'learning_rate': 0.1, 'num_leaves': 8, 'boosting_type': 'gbdt', 'colsample_bytree': 0.65, 'reg_alpha': 1, 'reg_lambda': 1, 'objective': 'root_mean_squared_error'}
DEBUG:root:X_train_all shape: (1458, 304)
DEBUG:main:[30]	valid_0's rmse: 0.0609866
DEBUG:main:[60]	valid_0's rmse: 0.0496036
DEBUG:main:[90]	valid_0's rmse: 0.0476399
DEBUG:main:[120]	valid_0's rmse: 0.0467934
DEBUG:main:[150]	valid_0's rmse: 0.0464939
DEBUG:main:[180]	valid_0's rmse: 0.0461949
DEBUG:main:[210]	valid_0's rmse: 0.0461603
DEBUG:main:[240]	valid_0's rmse: 0.0461079
DEBUG:main:[270]	valid_0's rmse: 0.0460559
DEBUG:root:	best_iteration: 277
DEBUG:root:	best_score: 0.0460556362408224
DEBUG:main:[30]	valid_0's rmse: 0.0860042
DEBUG:main:[60]	valid_0's rmse: 0.069127
DEBUG:main:[90]	valid_0's rmse: 0.0650674
DEBUG:main:[120]	valid_0's rmse: 0.0628313
DEBUG:main:[150]	valid_0's rmse: 0.0615732
DEBUG:main:[180]	valid_0's rmse: 0.0609822
DEBUG:main:[210]	valid_0's rmse: 0.0606477
DEBUG:main:[240]	valid_0's rmse: 0.0603591
DEBUG:main:[270]	valid_0's rmse: 0.0599884
DEBUG:main:[300]	valid_0's rmse: 0.0598688
DEBUG:main:[330]	valid_0's rmse: 0.0597873
DEBUG:main:[360]	valid_0's rmse: 0.059778
DEBUG:main:[390]	valid_0's rmse: 0.0597754
DEBUG:main:[420]	valid_0's rmse: 0.0597748
DEBUG:main:[450]	valid_0's rmse: 0.0597747
DEBUG:main:[480]	valid_0's rmse: 0.0597747
DEBUG:main:[510]	valid_0's rmse: 0.0597747
DEBUG:main:[540]	valid_0's rmse: 0.0597747
DEBUG:main:[570]	valid_0's rmse: 0.0597747
DEBUG:main:[600]	valid_0's rmse: 0.0597747
DEBUG:main:[630]	valid_0's rmse: 0.0597747
DEBUG:main:[660]	valid_0's rmse: 0.0597747
DEBUG:root:	best_iteration: 672
DEBUG:root:	best_score: 0.05977470004327287
DEBUG:main:[30]	valid_0's rmse: 0.0675068
DEBUG:main:[60]	valid_0's rmse: 0.0536691
DEBUG:main:[90]	valid_0's rmse: 0.0516116
DEBUG:main:[120]	valid_0's rmse: 0.050641
DEBUG:main:[150]	valid_0's rmse: 0.0503889
DEBUG:main:[180]	valid_0's rmse: 0.0501469
DEBUG:main:[210]	valid_0's rmse: 0.0501053
DEBUG:main:[240]	valid_0's rmse: 0.0500881
DEBUG:main:[270]	valid_0's rmse: 0.0500556
DEBUG:main:[300]	valid_0's rmse: 0.0500535
DEBUG:main:[330]	valid_0's rmse: 0.050053
DEBUG:main:[360]	valid_0's rmse: 0.0500529
DEBUG:main:[390]	valid_0's rmse: 0.0500529
DEBUG:main:[420]	valid_0's rmse: 0.0500529
DEBUG:main:[450]	valid_0's rmse: 0.0500529
DEBUG:main:[480]	valid_0's rmse: 0.0500529
DEBUG:main:[510]	valid_0's rmse: 0.0500529
DEBUG:main:[540]	valid_0's rmse: 0.0500529
DEBUG:main:[570]	valid_0's rmse: 0.0500529
DEBUG:main:[600]	valid_0's rmse: 0.0500529
DEBUG:main:[630]	valid_0's rmse: 0.0500529
DEBUG:root:	best_iteration: 645
DEBUG:root:	best_score: 0.050052925137914005
DEBUG:main:[30]	valid_0's rmse: 0.0793563
DEBUG:main:[60]	valid_0's rmse: 0.0627579
DEBUG:main:[90]	valid_0's rmse: 0.0593879
DEBUG:main:[120]	valid_0's rmse: 0.0574128
DEBUG:main:[150]	valid_0's rmse: 0.0564998
DEBUG:main:[180]	valid_0's rmse: 0.055975
DEBUG:main:[210]	valid_0's rmse: 0.0556048
DEBUG:main:[240]	valid_0's rmse: 0.055462
DEBUG:main:[270]	valid_0's rmse: 0.055316
DEBUG:main:[300]	valid_0's rmse: 0.0552357
DEBUG:main:[330]	valid_0's rmse: 0.0551606
DEBUG:main:[360]	valid_0's rmse: 0.0551557
DEBUG:main:[390]	valid_0's rmse: 0.0551546
DEBUG:main:[420]	valid_0's rmse: 0.0551544
DEBUG:main:[450]	valid_0's rmse: 0.0551543
DEBUG:main:[480]	valid_0's rmse: 0.0551543
DEBUG:main:[510]	valid_0's rmse: 0.0551543
DEBUG:main:[540]	valid_0's rmse: 0.0551543
DEBUG:main:[570]	valid_0's rmse: 0.0551543
DEBUG:main:[600]	valid_0's rmse: 0.0551543
DEBUG:root:	best_iteration: 601
DEBUG:root:	best_score: 0.055154269877075494
DEBUG:main:[30]	valid_0's rmse: 0.0720296
DEBUG:main:[60]	valid_0's rmse: 0.0550382
DEBUG:main:[90]	valid_0's rmse: 0.0522701
DEBUG:main:[120]	valid_0's rmse: 0.0509911
DEBUG:main:[150]	valid_0's rmse: 0.05017
DEBUG:main:[180]	valid_0's rmse: 0.0496122
DEBUG:main:[210]	valid_0's rmse: 0.0492269
DEBUG:main:[240]	valid_0's rmse: 0.0491137
DEBUG:main:[270]	valid_0's rmse: 0.048998
DEBUG:main:[300]	valid_0's rmse: 0.0488993
DEBUG:main:[330]	valid_0's rmse: 0.0488733
DEBUG:main:[360]	valid_0's rmse: 0.0488724
DEBUG:main:[390]	valid_0's rmse: 0.0488723
DEBUG:main:[420]	valid_0's rmse: 0.0488723
DEBUG:main:[450]	valid_0's rmse: 0.0488723
DEBUG:main:[480]	valid_0's rmse: 0.0488723
DEBUG:root:	best_iteration: 485
DEBUG:root:	best_score: 0.04887232536976021
DEBUG:root:===CV scores===
DEBUG:root:[0.0460556362408224, 0.05977470004327287, 0.050052925137914005, 0.055154269877075494, 0.04887232536976021]
DEBUG:root:0.05198197133376899
