DEBUG:root:./logs/log_20201120103647.log
DEBUG:root:config: ./configs/default.json
DEBUG:root:['label_encode_features', 'numerical_features', 'object_features', 'new_numerical']
DEBUG:root:{'learning_rate': 0.01, 'num_leaves': 4, 'boosting_type': 'gbdt', 'colsample_bytree': 0.65, 'reg_alpha': 1, 'reg_lambda': 1, 'objective': 'root_mean_squared_error'}
DEBUG:root:X_train_all shape: (1458, 227)
DEBUG:main:[30]	valid_0's rmse: 0.327043
DEBUG:main:[60]	valid_0's rmse: 0.283416
DEBUG:main:[90]	valid_0's rmse: 0.248702
DEBUG:main:[120]	valid_0's rmse: 0.222845
DEBUG:main:[150]	valid_0's rmse: 0.202871
DEBUG:main:[180]	valid_0's rmse: 0.187497
DEBUG:main:[210]	valid_0's rmse: 0.175178
DEBUG:main:[240]	valid_0's rmse: 0.165066
DEBUG:main:[270]	valid_0's rmse: 0.156911
DEBUG:main:[300]	valid_0's rmse: 0.149976
DEBUG:main:[330]	valid_0's rmse: 0.144608
DEBUG:main:[360]	valid_0's rmse: 0.14063
DEBUG:main:[390]	valid_0's rmse: 0.137354
DEBUG:main:[420]	valid_0's rmse: 0.134614
DEBUG:main:[450]	valid_0's rmse: 0.132362
DEBUG:main:[480]	valid_0's rmse: 0.130611
DEBUG:main:[510]	valid_0's rmse: 0.129037
DEBUG:main:[540]	valid_0's rmse: 0.127617
DEBUG:main:[570]	valid_0's rmse: 0.126268
DEBUG:main:[600]	valid_0's rmse: 0.124985
DEBUG:main:[630]	valid_0's rmse: 0.123988
DEBUG:main:[660]	valid_0's rmse: 0.123019
DEBUG:main:[690]	valid_0's rmse: 0.122195
DEBUG:main:[720]	valid_0's rmse: 0.121434
DEBUG:main:[750]	valid_0's rmse: 0.120647
DEBUG:main:[780]	valid_0's rmse: 0.119985
DEBUG:main:[810]	valid_0's rmse: 0.119464
DEBUG:main:[840]	valid_0's rmse: 0.118951
DEBUG:main:[870]	valid_0's rmse: 0.118502
DEBUG:main:[900]	valid_0's rmse: 0.118094
DEBUG:main:[930]	valid_0's rmse: 0.117751
DEBUG:main:[960]	valid_0's rmse: 0.117465
DEBUG:main:[990]	valid_0's rmse: 0.117213
DEBUG:main:[1020]	valid_0's rmse: 0.116945
DEBUG:main:[1050]	valid_0's rmse: 0.116755
DEBUG:main:[1080]	valid_0's rmse: 0.116537
DEBUG:main:[1110]	valid_0's rmse: 0.116345
DEBUG:main:[1140]	valid_0's rmse: 0.116171
DEBUG:main:[1170]	valid_0's rmse: 0.115969
DEBUG:main:[1200]	valid_0's rmse: 0.115772
DEBUG:main:[1230]	valid_0's rmse: 0.115567
DEBUG:main:[1260]	valid_0's rmse: 0.115409
DEBUG:main:[1290]	valid_0's rmse: 0.115253
DEBUG:main:[1320]	valid_0's rmse: 0.115069
DEBUG:main:[1350]	valid_0's rmse: 0.114929
DEBUG:main:[1380]	valid_0's rmse: 0.114774
DEBUG:main:[1410]	valid_0's rmse: 0.114661
DEBUG:main:[1440]	valid_0's rmse: 0.114546
DEBUG:main:[1470]	valid_0's rmse: 0.114451
DEBUG:main:[1500]	valid_0's rmse: 0.114325
DEBUG:main:[1530]	valid_0's rmse: 0.114246
DEBUG:main:[1560]	valid_0's rmse: 0.114163
DEBUG:main:[1590]	valid_0's rmse: 0.114075
DEBUG:main:[1620]	valid_0's rmse: 0.114007
DEBUG:main:[1650]	valid_0's rmse: 0.113891
DEBUG:main:[1680]	valid_0's rmse: 0.113834
DEBUG:main:[1710]	valid_0's rmse: 0.113747
DEBUG:main:[1740]	valid_0's rmse: 0.113678
DEBUG:main:[1770]	valid_0's rmse: 0.11364
DEBUG:main:[1800]	valid_0's rmse: 0.113572
DEBUG:main:[1830]	valid_0's rmse: 0.11352
DEBUG:main:[1860]	valid_0's rmse: 0.113466
DEBUG:root:	best_iteration: 1877
DEBUG:root:	best_score: 0.1134264976926244
DEBUG:main:[30]	valid_0's rmse: 0.363907
DEBUG:main:[60]	valid_0's rmse: 0.317448
DEBUG:main:[90]	valid_0's rmse: 0.280064
DEBUG:main:[120]	valid_0's rmse: 0.251124
DEBUG:main:[150]	valid_0's rmse: 0.228616
DEBUG:main:[180]	valid_0's rmse: 0.211226
DEBUG:main:[210]	valid_0's rmse: 0.197429
DEBUG:main:[240]	valid_0's rmse: 0.186897
DEBUG:main:[270]	valid_0's rmse: 0.178079
DEBUG:main:[300]	valid_0's rmse: 0.170554
DEBUG:main:[330]	valid_0's rmse: 0.164323
DEBUG:main:[360]	valid_0's rmse: 0.159096
DEBUG:main:[390]	valid_0's rmse: 0.154792
DEBUG:main:[420]	valid_0's rmse: 0.151531
DEBUG:main:[450]	valid_0's rmse: 0.148835
DEBUG:main:[480]	valid_0's rmse: 0.146575
DEBUG:main:[510]	valid_0's rmse: 0.144653
DEBUG:main:[540]	valid_0's rmse: 0.142952
DEBUG:main:[570]	valid_0's rmse: 0.141475
DEBUG:main:[600]	valid_0's rmse: 0.140101
DEBUG:main:[630]	valid_0's rmse: 0.138895
DEBUG:main:[660]	valid_0's rmse: 0.137734
DEBUG:main:[690]	valid_0's rmse: 0.136665
DEBUG:main:[720]	valid_0's rmse: 0.135835
DEBUG:main:[750]	valid_0's rmse: 0.135022
DEBUG:main:[780]	valid_0's rmse: 0.134281
DEBUG:main:[810]	valid_0's rmse: 0.133633
DEBUG:main:[840]	valid_0's rmse: 0.133119
DEBUG:main:[870]	valid_0's rmse: 0.132591
DEBUG:main:[900]	valid_0's rmse: 0.132138
DEBUG:main:[930]	valid_0's rmse: 0.131658
DEBUG:main:[960]	valid_0's rmse: 0.131269
DEBUG:main:[990]	valid_0's rmse: 0.130923
DEBUG:main:[1020]	valid_0's rmse: 0.130509
DEBUG:main:[1050]	valid_0's rmse: 0.130232
DEBUG:main:[1080]	valid_0's rmse: 0.129946
DEBUG:main:[1110]	valid_0's rmse: 0.129757
DEBUG:main:[1140]	valid_0's rmse: 0.129599
DEBUG:main:[1170]	valid_0's rmse: 0.129429
DEBUG:main:[1200]	valid_0's rmse: 0.12931
DEBUG:main:[1230]	valid_0's rmse: 0.129186
DEBUG:main:[1260]	valid_0's rmse: 0.129104
DEBUG:main:[1290]	valid_0's rmse: 0.129017
DEBUG:main:[1320]	valid_0's rmse: 0.128942
DEBUG:main:[1350]	valid_0's rmse: 0.128825
DEBUG:main:[1380]	valid_0's rmse: 0.128741
DEBUG:root:	best_iteration: 1387
DEBUG:root:	best_score: 0.1287099742225235
DEBUG:main:[30]	valid_0's rmse: 0.351174
DEBUG:main:[60]	valid_0's rmse: 0.308008
DEBUG:main:[90]	valid_0's rmse: 0.274644
DEBUG:main:[120]	valid_0's rmse: 0.249037
DEBUG:main:[150]	valid_0's rmse: 0.228609
DEBUG:main:[180]	valid_0's rmse: 0.213339
DEBUG:main:[210]	valid_0's rmse: 0.201214
DEBUG:main:[240]	valid_0's rmse: 0.191074
DEBUG:main:[270]	valid_0's rmse: 0.182552
DEBUG:main:[300]	valid_0's rmse: 0.175384
DEBUG:main:[330]	valid_0's rmse: 0.169376
DEBUG:main:[360]	valid_0's rmse: 0.164468
DEBUG:main:[390]	valid_0's rmse: 0.160205
DEBUG:main:[420]	valid_0's rmse: 0.156684
DEBUG:main:[450]	valid_0's rmse: 0.153652
DEBUG:main:[480]	valid_0's rmse: 0.15089
DEBUG:main:[510]	valid_0's rmse: 0.148605
DEBUG:main:[540]	valid_0's rmse: 0.146701
DEBUG:main:[570]	valid_0's rmse: 0.144879
DEBUG:main:[600]	valid_0's rmse: 0.143308
DEBUG:main:[630]	valid_0's rmse: 0.141985
DEBUG:main:[660]	valid_0's rmse: 0.140868
DEBUG:main:[690]	valid_0's rmse: 0.13967
DEBUG:main:[720]	valid_0's rmse: 0.138668
DEBUG:main:[750]	valid_0's rmse: 0.13776
DEBUG:main:[780]	valid_0's rmse: 0.136983
DEBUG:main:[810]	valid_0's rmse: 0.136139
DEBUG:main:[840]	valid_0's rmse: 0.135428
DEBUG:main:[870]	valid_0's rmse: 0.134813
DEBUG:main:[900]	valid_0's rmse: 0.134251
DEBUG:main:[930]	valid_0's rmse: 0.133693
DEBUG:main:[960]	valid_0's rmse: 0.13317
DEBUG:main:[990]	valid_0's rmse: 0.132713
DEBUG:main:[1020]	valid_0's rmse: 0.132327
DEBUG:main:[1050]	valid_0's rmse: 0.13193
DEBUG:main:[1080]	valid_0's rmse: 0.131585
DEBUG:main:[1110]	valid_0's rmse: 0.131259
DEBUG:main:[1140]	valid_0's rmse: 0.130992
DEBUG:main:[1170]	valid_0's rmse: 0.130782
DEBUG:main:[1200]	valid_0's rmse: 0.130587
DEBUG:main:[1230]	valid_0's rmse: 0.130392
DEBUG:main:[1260]	valid_0's rmse: 0.130145
DEBUG:main:[1290]	valid_0's rmse: 0.129983
DEBUG:main:[1320]	valid_0's rmse: 0.129795
DEBUG:main:[1350]	valid_0's rmse: 0.129661
DEBUG:main:[1380]	valid_0's rmse: 0.129514
DEBUG:main:[1410]	valid_0's rmse: 0.12934
DEBUG:main:[1440]	valid_0's rmse: 0.129235
DEBUG:main:[1470]	valid_0's rmse: 0.129139
DEBUG:main:[1500]	valid_0's rmse: 0.12906
DEBUG:main:[1530]	valid_0's rmse: 0.12895
DEBUG:main:[1560]	valid_0's rmse: 0.128846
DEBUG:main:[1590]	valid_0's rmse: 0.128741
DEBUG:main:[1620]	valid_0's rmse: 0.128671
DEBUG:main:[1650]	valid_0's rmse: 0.128563
DEBUG:main:[1680]	valid_0's rmse: 0.128488
DEBUG:main:[1710]	valid_0's rmse: 0.128425
DEBUG:main:[1740]	valid_0's rmse: 0.128341
DEBUG:main:[1770]	valid_0's rmse: 0.128247
DEBUG:main:[1800]	valid_0's rmse: 0.12817
DEBUG:main:[1830]	valid_0's rmse: 0.12812
DEBUG:main:[1860]	valid_0's rmse: 0.128053
DEBUG:main:[1890]	valid_0's rmse: 0.128019
DEBUG:main:[1920]	valid_0's rmse: 0.12796
DEBUG:root:	best_iteration: 1920
DEBUG:root:	best_score: 0.1279603276753134
DEBUG:main:[30]	valid_0's rmse: 0.324842
DEBUG:main:[60]	valid_0's rmse: 0.281671
DEBUG:main:[90]	valid_0's rmse: 0.249084
DEBUG:main:[120]	valid_0's rmse: 0.224306
DEBUG:main:[150]	valid_0's rmse: 0.205897
DEBUG:main:[180]	valid_0's rmse: 0.191568
DEBUG:main:[210]	valid_0's rmse: 0.180089
DEBUG:main:[240]	valid_0's rmse: 0.170705
DEBUG:main:[270]	valid_0's rmse: 0.163271
DEBUG:main:[300]	valid_0's rmse: 0.156775
DEBUG:main:[330]	valid_0's rmse: 0.151324
DEBUG:main:[360]	valid_0's rmse: 0.147124
DEBUG:main:[390]	valid_0's rmse: 0.143804
DEBUG:main:[420]	valid_0's rmse: 0.141112
DEBUG:main:[450]	valid_0's rmse: 0.138851
DEBUG:main:[480]	valid_0's rmse: 0.136832
DEBUG:main:[510]	valid_0's rmse: 0.135098
DEBUG:main:[540]	valid_0's rmse: 0.133367
DEBUG:main:[570]	valid_0's rmse: 0.131671
DEBUG:main:[600]	valid_0's rmse: 0.130166
DEBUG:main:[630]	valid_0's rmse: 0.128876
DEBUG:main:[660]	valid_0's rmse: 0.127624
DEBUG:main:[690]	valid_0's rmse: 0.126525
DEBUG:main:[720]	valid_0's rmse: 0.125584
DEBUG:main:[750]	valid_0's rmse: 0.124806
DEBUG:main:[780]	valid_0's rmse: 0.124101
DEBUG:main:[810]	valid_0's rmse: 0.12336
DEBUG:main:[840]	valid_0's rmse: 0.122664
DEBUG:main:[870]	valid_0's rmse: 0.122149
DEBUG:main:[900]	valid_0's rmse: 0.121617
DEBUG:main:[930]	valid_0's rmse: 0.121189
DEBUG:main:[960]	valid_0's rmse: 0.120794
DEBUG:main:[990]	valid_0's rmse: 0.120336
DEBUG:main:[1020]	valid_0's rmse: 0.119949
DEBUG:main:[1050]	valid_0's rmse: 0.119634
DEBUG:main:[1080]	valid_0's rmse: 0.119362
DEBUG:main:[1110]	valid_0's rmse: 0.119095
DEBUG:main:[1140]	valid_0's rmse: 0.118818
DEBUG:main:[1170]	valid_0's rmse: 0.118593
DEBUG:main:[1200]	valid_0's rmse: 0.118382
DEBUG:main:[1230]	valid_0's rmse: 0.118187
DEBUG:main:[1260]	valid_0's rmse: 0.117977
DEBUG:main:[1290]	valid_0's rmse: 0.117751
DEBUG:main:[1320]	valid_0's rmse: 0.117589
DEBUG:main:[1350]	valid_0's rmse: 0.117445
DEBUG:main:[1380]	valid_0's rmse: 0.117324
DEBUG:main:[1410]	valid_0's rmse: 0.11718
DEBUG:main:[1440]	valid_0's rmse: 0.117024
DEBUG:main:[1470]	valid_0's rmse: 0.116832
DEBUG:main:[1500]	valid_0's rmse: 0.11675
DEBUG:main:[1530]	valid_0's rmse: 0.11664
DEBUG:main:[1560]	valid_0's rmse: 0.116508
DEBUG:main:[1590]	valid_0's rmse: 0.116378
DEBUG:main:[1620]	valid_0's rmse: 0.116285
DEBUG:main:[1650]	valid_0's rmse: 0.116116
DEBUG:main:[1680]	valid_0's rmse: 0.116025
DEBUG:main:[1710]	valid_0's rmse: 0.115875
DEBUG:main:[1740]	valid_0's rmse: 0.115762
DEBUG:main:[1770]	valid_0's rmse: 0.11563
DEBUG:main:[1800]	valid_0's rmse: 0.115516
DEBUG:main:[1830]	valid_0's rmse: 0.115427
DEBUG:main:[1860]	valid_0's rmse: 0.11528
DEBUG:main:[1890]	valid_0's rmse: 0.115181
DEBUG:main:[1920]	valid_0's rmse: 0.115123
DEBUG:main:[1950]	valid_0's rmse: 0.115025
DEBUG:main:[1980]	valid_0's rmse: 0.114926
DEBUG:main:[2010]	valid_0's rmse: 0.114834
DEBUG:main:[2040]	valid_0's rmse: 0.114756
DEBUG:main:[2070]	valid_0's rmse: 0.114678
DEBUG:main:[2100]	valid_0's rmse: 0.114603
DEBUG:main:[2130]	valid_0's rmse: 0.114518
DEBUG:main:[2160]	valid_0's rmse: 0.114472
DEBUG:main:[2190]	valid_0's rmse: 0.114373
DEBUG:main:[2220]	valid_0's rmse: 0.114287
DEBUG:main:[2250]	valid_0's rmse: 0.114201
DEBUG:main:[2280]	valid_0's rmse: 0.114147
DEBUG:main:[2310]	valid_0's rmse: 0.114089
DEBUG:main:[2340]	valid_0's rmse: 0.114002
DEBUG:main:[2370]	valid_0's rmse: 0.113922
DEBUG:main:[2400]	valid_0's rmse: 0.113856
DEBUG:main:[2430]	valid_0's rmse: 0.113755
DEBUG:main:[2460]	valid_0's rmse: 0.113678
DEBUG:main:[2490]	valid_0's rmse: 0.113637
DEBUG:main:[2520]	valid_0's rmse: 0.113571
DEBUG:main:[2550]	valid_0's rmse: 0.113511
DEBUG:main:[2580]	valid_0's rmse: 0.113462
DEBUG:main:[2610]	valid_0's rmse: 0.113408
DEBUG:main:[2640]	valid_0's rmse: 0.113353
DEBUG:root:	best_iteration: 2638
DEBUG:root:	best_score: 0.1133485497112318
DEBUG:main:[30]	valid_0's rmse: 0.332943
DEBUG:main:[60]	valid_0's rmse: 0.290166
DEBUG:main:[90]	valid_0's rmse: 0.257227
DEBUG:main:[120]	valid_0's rmse: 0.233013
DEBUG:main:[150]	valid_0's rmse: 0.213591
DEBUG:main:[180]	valid_0's rmse: 0.198572
DEBUG:main:[210]	valid_0's rmse: 0.186588
DEBUG:main:[240]	valid_0's rmse: 0.177473
DEBUG:main:[270]	valid_0's rmse: 0.169939
DEBUG:main:[300]	valid_0's rmse: 0.163714
DEBUG:main:[330]	valid_0's rmse: 0.158489
DEBUG:main:[360]	valid_0's rmse: 0.154372
DEBUG:main:[390]	valid_0's rmse: 0.150814
DEBUG:main:[420]	valid_0's rmse: 0.147962
DEBUG:main:[450]	valid_0's rmse: 0.145439
DEBUG:main:[480]	valid_0's rmse: 0.143259
DEBUG:main:[510]	valid_0's rmse: 0.141443
DEBUG:main:[540]	valid_0's rmse: 0.139663
DEBUG:main:[570]	valid_0's rmse: 0.138012
DEBUG:main:[600]	valid_0's rmse: 0.136558
DEBUG:main:[630]	valid_0's rmse: 0.135343
DEBUG:main:[660]	valid_0's rmse: 0.134137
DEBUG:main:[690]	valid_0's rmse: 0.133203
DEBUG:main:[720]	valid_0's rmse: 0.13225
DEBUG:main:[750]	valid_0's rmse: 0.131363
DEBUG:main:[780]	valid_0's rmse: 0.130589
DEBUG:main:[810]	valid_0's rmse: 0.129903
DEBUG:main:[840]	valid_0's rmse: 0.129215
DEBUG:main:[870]	valid_0's rmse: 0.128656
DEBUG:main:[900]	valid_0's rmse: 0.128032
DEBUG:main:[930]	valid_0's rmse: 0.127552
DEBUG:main:[960]	valid_0's rmse: 0.127093
DEBUG:main:[990]	valid_0's rmse: 0.12668
DEBUG:main:[1020]	valid_0's rmse: 0.126331
DEBUG:main:[1050]	valid_0's rmse: 0.126014
DEBUG:main:[1080]	valid_0's rmse: 0.125732
DEBUG:main:[1110]	valid_0's rmse: 0.125429
DEBUG:main:[1140]	valid_0's rmse: 0.125199
DEBUG:main:[1170]	valid_0's rmse: 0.124976
DEBUG:main:[1200]	valid_0's rmse: 0.124731
DEBUG:main:[1230]	valid_0's rmse: 0.124555
DEBUG:main:[1260]	valid_0's rmse: 0.124327
DEBUG:main:[1290]	valid_0's rmse: 0.124108
DEBUG:main:[1320]	valid_0's rmse: 0.123918
DEBUG:main:[1350]	valid_0's rmse: 0.123711
DEBUG:main:[1380]	valid_0's rmse: 0.123545
DEBUG:main:[1410]	valid_0's rmse: 0.123362
DEBUG:main:[1440]	valid_0's rmse: 0.123183
DEBUG:main:[1470]	valid_0's rmse: 0.123045
DEBUG:main:[1500]	valid_0's rmse: 0.122886
DEBUG:main:[1530]	valid_0's rmse: 0.122727
DEBUG:main:[1560]	valid_0's rmse: 0.122542
DEBUG:main:[1590]	valid_0's rmse: 0.122339
DEBUG:main:[1620]	valid_0's rmse: 0.122194
DEBUG:main:[1650]	valid_0's rmse: 0.122053
DEBUG:main:[1680]	valid_0's rmse: 0.121938
DEBUG:main:[1710]	valid_0's rmse: 0.121842
DEBUG:main:[1740]	valid_0's rmse: 0.121718
DEBUG:main:[1770]	valid_0's rmse: 0.121636
DEBUG:main:[1800]	valid_0's rmse: 0.121495
DEBUG:main:[1830]	valid_0's rmse: 0.121369
DEBUG:main:[1860]	valid_0's rmse: 0.121243
DEBUG:main:[1890]	valid_0's rmse: 0.121108
DEBUG:main:[1920]	valid_0's rmse: 0.121025
DEBUG:main:[1950]	valid_0's rmse: 0.120931
DEBUG:main:[1980]	valid_0's rmse: 0.12086
DEBUG:main:[2010]	valid_0's rmse: 0.120761
DEBUG:main:[2040]	valid_0's rmse: 0.120668
DEBUG:root:	best_iteration: 2057
DEBUG:root:	best_score: 0.1206187059513998
DEBUG:root:===CV scores===
DEBUG:root:[0.1134264976926244, 0.1287099742225235, 0.1279603276753134, 0.1133485497112318, 0.1206187059513998]
DEBUG:root:0.12081281105061858
