DEBUG:root:./logs/log_20201119140020.log
DEBUG:root:config: ./configs/default.json
DEBUG:root:['numerical_features', 'object_features', 'new_numerical']
DEBUG:root:{'learning_rate': 0.1, 'num_leaves': 2, 'boosting_type': 'gbdt', 'colsample_bytree': 0.65, 'reg_alpha': 1, 'reg_lambda': 1, 'objective': 'root_mean_squared_error'}
DEBUG:root:X_train_all shape: (1458, 303)
DEBUG:main:[30]	valid_0's rmse: 0.193966
DEBUG:main:[60]	valid_0's rmse: 0.154493
DEBUG:main:[90]	valid_0's rmse: 0.139204
DEBUG:main:[120]	valid_0's rmse: 0.131506
DEBUG:main:[150]	valid_0's rmse: 0.126648
DEBUG:main:[180]	valid_0's rmse: 0.123323
DEBUG:main:[210]	valid_0's rmse: 0.12088
DEBUG:main:[240]	valid_0's rmse: 0.119512
DEBUG:main:[270]	valid_0's rmse: 0.118304
DEBUG:main:[300]	valid_0's rmse: 0.117431
DEBUG:main:[330]	valid_0's rmse: 0.11664
DEBUG:main:[360]	valid_0's rmse: 0.115955
DEBUG:main:[390]	valid_0's rmse: 0.115342
DEBUG:main:[420]	valid_0's rmse: 0.11492
DEBUG:main:[450]	valid_0's rmse: 0.114557
DEBUG:main:[480]	valid_0's rmse: 0.114214
DEBUG:main:[510]	valid_0's rmse: 0.113927
DEBUG:main:[540]	valid_0's rmse: 0.113626
DEBUG:main:[570]	valid_0's rmse: 0.11344
DEBUG:main:[600]	valid_0's rmse: 0.113173
DEBUG:main:[630]	valid_0's rmse: 0.113089
DEBUG:main:[660]	valid_0's rmse: 0.112897
DEBUG:root:	best_iteration: 665
DEBUG:root:	best_score: 0.11282676740153635
DEBUG:main:[30]	valid_0's rmse: 0.221311
DEBUG:main:[60]	valid_0's rmse: 0.174377
DEBUG:main:[90]	valid_0's rmse: 0.155402
DEBUG:main:[120]	valid_0's rmse: 0.146649
DEBUG:main:[150]	valid_0's rmse: 0.141327
DEBUG:main:[180]	valid_0's rmse: 0.137744
DEBUG:main:[210]	valid_0's rmse: 0.135472
DEBUG:main:[240]	valid_0's rmse: 0.133689
DEBUG:main:[270]	valid_0's rmse: 0.132487
DEBUG:main:[300]	valid_0's rmse: 0.131638
DEBUG:main:[330]	valid_0's rmse: 0.130738
DEBUG:main:[360]	valid_0's rmse: 0.130112
DEBUG:main:[390]	valid_0's rmse: 0.129637
DEBUG:main:[420]	valid_0's rmse: 0.129076
DEBUG:main:[450]	valid_0's rmse: 0.128849
DEBUG:root:	best_iteration: 444
DEBUG:root:	best_score: 0.1287860442218075
DEBUG:main:[30]	valid_0's rmse: 0.221706
DEBUG:main:[60]	valid_0's rmse: 0.17815
DEBUG:main:[90]	valid_0's rmse: 0.160508
DEBUG:main:[120]	valid_0's rmse: 0.151568
DEBUG:main:[150]	valid_0's rmse: 0.145391
DEBUG:main:[180]	valid_0's rmse: 0.142205
DEBUG:main:[210]	valid_0's rmse: 0.139606
DEBUG:main:[240]	valid_0's rmse: 0.137994
DEBUG:main:[270]	valid_0's rmse: 0.136882
DEBUG:main:[300]	valid_0's rmse: 0.136041
DEBUG:main:[330]	valid_0's rmse: 0.135169
DEBUG:main:[360]	valid_0's rmse: 0.134515
DEBUG:main:[390]	valid_0's rmse: 0.13381
DEBUG:main:[420]	valid_0's rmse: 0.13331
DEBUG:main:[450]	valid_0's rmse: 0.132921
DEBUG:main:[480]	valid_0's rmse: 0.132567
DEBUG:main:[510]	valid_0's rmse: 0.132218
DEBUG:main:[540]	valid_0's rmse: 0.131945
DEBUG:main:[570]	valid_0's rmse: 0.131593
DEBUG:main:[600]	valid_0's rmse: 0.131408
DEBUG:main:[630]	valid_0's rmse: 0.131164
DEBUG:main:[660]	valid_0's rmse: 0.131013
DEBUG:main:[690]	valid_0's rmse: 0.130789
DEBUG:main:[720]	valid_0's rmse: 0.130653
DEBUG:main:[750]	valid_0's rmse: 0.13055
DEBUG:main:[780]	valid_0's rmse: 0.130422
DEBUG:main:[810]	valid_0's rmse: 0.130267
DEBUG:main:[840]	valid_0's rmse: 0.130136
DEBUG:main:[870]	valid_0's rmse: 0.130034
DEBUG:root:	best_iteration: 889
DEBUG:root:	best_score: 0.12994853503762224
DEBUG:main:[30]	valid_0's rmse: 0.199456
DEBUG:main:[60]	valid_0's rmse: 0.161125
DEBUG:main:[90]	valid_0's rmse: 0.145301
DEBUG:main:[120]	valid_0's rmse: 0.137463
DEBUG:main:[150]	valid_0's rmse: 0.132179
DEBUG:main:[180]	valid_0's rmse: 0.128739
DEBUG:main:[210]	valid_0's rmse: 0.126201
DEBUG:main:[240]	valid_0's rmse: 0.124703
DEBUG:main:[270]	valid_0's rmse: 0.123474
DEBUG:main:[300]	valid_0's rmse: 0.12233
DEBUG:main:[330]	valid_0's rmse: 0.121559
DEBUG:main:[360]	valid_0's rmse: 0.12078
DEBUG:main:[390]	valid_0's rmse: 0.120151
DEBUG:main:[420]	valid_0's rmse: 0.119708
DEBUG:main:[450]	valid_0's rmse: 0.119174
DEBUG:main:[480]	valid_0's rmse: 0.118799
DEBUG:main:[510]	valid_0's rmse: 0.118429
DEBUG:main:[540]	valid_0's rmse: 0.118106
DEBUG:main:[570]	valid_0's rmse: 0.117795
DEBUG:main:[600]	valid_0's rmse: 0.11768
DEBUG:main:[630]	valid_0's rmse: 0.117328
DEBUG:main:[660]	valid_0's rmse: 0.117138
DEBUG:main:[690]	valid_0's rmse: 0.116921
DEBUG:main:[720]	valid_0's rmse: 0.116777
DEBUG:main:[750]	valid_0's rmse: 0.116518
DEBUG:main:[780]	valid_0's rmse: 0.11633
DEBUG:root:	best_iteration: 780
DEBUG:root:	best_score: 0.11632971044399575
DEBUG:main:[30]	valid_0's rmse: 0.207471
DEBUG:main:[60]	valid_0's rmse: 0.166674
DEBUG:main:[90]	valid_0's rmse: 0.152995
DEBUG:main:[120]	valid_0's rmse: 0.145269
DEBUG:main:[150]	valid_0's rmse: 0.140104
DEBUG:main:[180]	valid_0's rmse: 0.13631
DEBUG:main:[210]	valid_0's rmse: 0.133741
DEBUG:main:[240]	valid_0's rmse: 0.131795
DEBUG:main:[270]	valid_0's rmse: 0.130774
DEBUG:main:[300]	valid_0's rmse: 0.12954
DEBUG:main:[330]	valid_0's rmse: 0.128732
DEBUG:main:[360]	valid_0's rmse: 0.127825
DEBUG:main:[390]	valid_0's rmse: 0.127177
DEBUG:main:[420]	valid_0's rmse: 0.12669
DEBUG:main:[450]	valid_0's rmse: 0.126047
DEBUG:main:[480]	valid_0's rmse: 0.125558
DEBUG:main:[510]	valid_0's rmse: 0.125068
DEBUG:main:[540]	valid_0's rmse: 0.124623
DEBUG:main:[570]	valid_0's rmse: 0.124299
DEBUG:main:[600]	valid_0's rmse: 0.124168
DEBUG:main:[630]	valid_0's rmse: 0.123888
DEBUG:main:[660]	valid_0's rmse: 0.123665
DEBUG:main:[690]	valid_0's rmse: 0.123397
DEBUG:main:[720]	valid_0's rmse: 0.123216
DEBUG:main:[750]	valid_0's rmse: 0.123033
DEBUG:main:[780]	valid_0's rmse: 0.122788
DEBUG:main:[810]	valid_0's rmse: 0.122584
DEBUG:root:	best_iteration: 814
DEBUG:root:	best_score: 0.12255262099684422
DEBUG:root:===CV scores===
DEBUG:root:[0.11282676740153635, 0.1287860442218075, 0.12994853503762224, 0.11632971044399575, 0.12255262099684422]
DEBUG:root:0.12208873562036122
